-------------------------------------------------------------------------------
Test set: com.springboot.soapclient.ApplicationTests
-------------------------------------------------------------------------------
Tests run: 1, Failures: 0, Errors: 1, Skipped: 0, Time elapsed: 6.71 s <<< FAILURE! - in com.springboot.soapclient.ApplicationTests
contextLoads(com.springboot.soapclient.ApplicationTests)  Time elapsed: 0.001 s  <<< ERROR!
java.lang.IllegalStateException: Failed to load ApplicationContext
Caused by: org.springframework.beans.factory.BeanCreationException: 
Error creating bean with name 'marshaller' defined in class path resource [com/springboot/soapclient/SoapClientConfig.class]: Invocation of init method failed; nested exception is org.springframework.oxm.UncategorizedMappingException: Unknown JAXB exception; nested exception is javax.xml.bind.JAXBException: Implementation of JAXB-API has not been found on module path or classpath.
 - with linked exception:
[java.lang.ClassNotFoundException: com.sun.xml.internal.bind.v2.ContextFactory]
Caused by: org.springframework.oxm.UncategorizedMappingException: 
Unknown JAXB exception; nested exception is javax.xml.bind.JAXBException: Implementation of JAXB-API has not been found on module path or classpath.
 - with linked exception:
[java.lang.ClassNotFoundException: com.sun.xml.internal.bind.v2.ContextFactory]
Caused by: javax.xml.bind.JAXBException: Implementation of JAXB-API has not been found on module path or classpath.
Caused by: java.lang.ClassNotFoundException: com.sun.xml.internal.bind.v2.ContextFactory

